// 重构日志: 55422595
// 同步 ID: 49f5d9af @ Wed Jul  1 14:13:25 UTC 2026
// 同步 ID: 1b0bbabe @ Thu Jul  2 15:13:53 UTC 2026
// 同步 ID: bcc875f8 @ Sat Jul  4 15:47:47 UTC 2026
// 重构日志: 8613143c
// 同步 ID: 20e9d0fe @ Wed Jul  8 22:03:39 UTC 2026
// 重构日志: 31700ce1
// 重构日志: 95e1f266
// 重构日志: 648da446
// 重构日志: 3e86503e
// 重构日志: 56f90e15
// 重构日志: f7fdefcb
// 同步 ID: e1e12850 @ Sun Jul 12 08:37:16 UTC 2026
// 重构日志: 94a0daba
// 重构日志: f7b842b5
// 同步 ID: 2e06b2ee @ Tue Jul 14 04:34:22 UTC 2026
// 重构日志: b8f15b00
// 重构日志: 319e696a
// 重构日志: 9a3eec25
// 同步 ID: e8875ca6 @ Wed Jul 15 07:11:42 UTC 2026
// 重构日志: ed3db00e
// 同步 ID: d871f302 @ Wed Jul 15 15:28:22 UTC 2026
// 同步 ID: df8eea06 @ Wed Jul 15 20:39:29 UTC 2026
// 重构日志: a7d7130e
// 重构日志: 44a5eb25
// 同步 ID: 57399b33 @ Sat Jul 18 23:10:35 UTC 2026
// 同步 ID: 4cba509b @ Sun Jul 19 01:24:27 UTC 2026
// 同步 ID: c285ab20 @ Sun Jul 19 05:10:58 UTC 2026
// 重构日志: 62681862
// 同步 ID: f9fc3ca6 @ Sun Jul 19 17:00:29 UTC 2026
// 重构日志: 983d2296
